04-11-2020 @ 07:46:54 - Weight and cubage of the order: Array
(
    [weight] => 0,2
    [height] => 10,5
    [width] => 11
    [length] => 16
)

04-11-2020 @ 07:46:54 - Requesting Correios WebServices: http://ws.correios.com.br/calculador/CalcPrecoPrazo.aspx?nCdServico=04014&nCdEmpresa&sDsSenha&sCepDestino=22710255&sCepOrigem=22640100&nVlAltura=10,5&nVlLargura=11&nVlDiametro=0&nVlComprimento=16&nVlPeso=0,3&nCdFormato=1&sCdMaoPropria=N&nVlValorDeclarado=0&sCdAvisoRecebimento=N&StrRetorno=xml
04-11-2020 @ 07:46:59 - Weight and cubage of the order: Array
(
    [weight] => 0,2
    [height] => 10,5
    [width] => 11
    [length] => 16
)

04-11-2020 @ 07:46:59 - Requesting Correios WebServices: http://ws.correios.com.br/calculador/CalcPrecoPrazo.aspx?nCdServico=04014&nCdEmpresa&sDsSenha&sCepDestino=22710255&sCepOrigem=22640100&nVlAltura=10,5&nVlLargura=11&nVlDiametro=0&nVlComprimento=16&nVlPeso=0,3&nCdFormato=1&sCdMaoPropria=N&nVlValorDeclarado=0&sCdAvisoRecebimento=N&StrRetorno=xml
04-11-2020 @ 07:46:59 - Correios WebServices response: SimpleXMLElement Object
(
    [cServico] => SimpleXMLElement Object
        (
            [Codigo] => 04014
            [Valor] => 21,00
            [PrazoEntrega] => 4
            [ValorSemAdicionais] => 21,00
            [ValorMaoPropria] => 0,00
            [ValorAvisoRecebimento] => 0,00
            [ValorValorDeclarado] => 0,00
            [EntregaDomiciliar] => S
            [EntregaSabado] => S
            [obsFim] => SimpleXMLElement Object
                (
                )

            [Erro] => 0
            [MsgErro] => SimpleXMLElement Object
                (
                )

        )

)

04-11-2020 @ 07:47:04 - Weight and cubage of the order: Array
(
    [weight] => 0,2
    [height] => 10,5
    [width] => 11
    [length] => 16
)

04-11-2020 @ 07:47:04 - Requesting Correios WebServices: http://ws.correios.com.br/calculador/CalcPrecoPrazo.aspx?nCdServico=04014&nCdEmpresa&sDsSenha&sCepDestino=22710255&sCepOrigem=22640100&nVlAltura=10,5&nVlLargura=11&nVlDiametro=0&nVlComprimento=16&nVlPeso=0,3&nCdFormato=1&sCdMaoPropria=N&nVlValorDeclarado=0&sCdAvisoRecebimento=N&StrRetorno=xml
04-11-2020 @ 07:47:04 - Correios WebServices response: SimpleXMLElement Object
(
    [cServico] => SimpleXMLElement Object
        (
            [Codigo] => 04014
            [Valor] => 21,00
            [PrazoEntrega] => 4
            [ValorSemAdicionais] => 21,00
            [ValorMaoPropria] => 0,00
            [ValorAvisoRecebimento] => 0,00
            [ValorValorDeclarado] => 0,00
            [EntregaDomiciliar] => S
            [EntregaSabado] => S
            [obsFim] => SimpleXMLElement Object
                (
                )

            [Erro] => 0
            [MsgErro] => SimpleXMLElement Object
                (
                )

        )

)

04-11-2020 @ 07:47:24 - WP_Error: cURL error 28: Operation timed out after 30001 milliseconds with 0 out of -1 bytes received
04-11-2020 @ 07:49:39 - Weight and cubage of the order: Array
(
    [weight] => 0,2
    [height] => 10,5
    [width] => 11
    [length] => 16
)

04-11-2020 @ 07:49:39 - Requesting Correios WebServices: http://ws.correios.com.br/calculador/CalcPrecoPrazo.aspx?nCdServico=04014&nCdEmpresa&sDsSenha&sCepDestino=22710255&sCepOrigem=22640100&nVlAltura=10,5&nVlLargura=11&nVlDiametro=0&nVlComprimento=16&nVlPeso=0,3&nCdFormato=1&sCdMaoPropria=N&nVlValorDeclarado=0&sCdAvisoRecebimento=N&StrRetorno=xml
04-11-2020 @ 07:50:09 - WP_Error: cURL error 28: Operation timed out after 30001 milliseconds with 0 out of -1 bytes received
04-11-2020 @ 11:52:42 - Weight and cubage of the order: Array
(
    [weight] => 0,2
    [height] => 6,5
    [width] => 26
    [length] => 16
)

04-11-2020 @ 11:52:42 - Requesting Correios WebServices: http://ws.correios.com.br/calculador/CalcPrecoPrazo.aspx?nCdServico=04014&nCdEmpresa&sDsSenha&sCepDestino=19880000&sCepOrigem=22640100&nVlAltura=6,5&nVlLargura=26&nVlDiametro=0&nVlComprimento=16&nVlPeso=0,3&nCdFormato=1&sCdMaoPropria=N&nVlValorDeclarado=0&sCdAvisoRecebimento=N&StrRetorno=xml
04-11-2020 @ 11:52:42 - Correios WebServices response: SimpleXMLElement Object
(
    [cServico] => SimpleXMLElement Object
        (
            [Codigo] => 04014
            [Valor] => 55,60
            [PrazoEntrega] => 7
            [ValorSemAdicionais] => 55,60
            [ValorMaoPropria] => 0,00
            [ValorAvisoRecebimento] => 0,00
            [ValorValorDeclarado] => 0,00
            [EntregaDomiciliar] => S
            [EntregaSabado] => N
            [obsFim] => SimpleXMLElement Object
                (
                )

            [Erro] => 0
            [MsgErro] => SimpleXMLElement Object
                (
                )

        )

)

04-11-2020 @ 11:52:46 - Weight and cubage of the order: Array
(
    [weight] => 0,2
    [height] => 6,5
    [width] => 26
    [length] => 16
)

04-11-2020 @ 11:52:46 - Requesting Correios WebServices: http://ws.correios.com.br/calculador/CalcPrecoPrazo.aspx?nCdServico=04014&nCdEmpresa&sDsSenha&sCepDestino=19880000&sCepOrigem=22640100&nVlAltura=6,5&nVlLargura=26&nVlDiametro=0&nVlComprimento=16&nVlPeso=0,3&nCdFormato=1&sCdMaoPropria=N&nVlValorDeclarado=0&sCdAvisoRecebimento=N&StrRetorno=xml
04-11-2020 @ 11:52:47 - Correios WebServices response: SimpleXMLElement Object
(
    [cServico] => SimpleXMLElement Object
        (
            [Codigo] => 04014
            [Valor] => 55,60
            [PrazoEntrega] => 7
            [ValorSemAdicionais] => 55,60
            [ValorMaoPropria] => 0,00
            [ValorAvisoRecebimento] => 0,00
            [ValorValorDeclarado] => 0,00
            [EntregaDomiciliar] => S
            [EntregaSabado] => N
            [obsFim] => SimpleXMLElement Object
                (
                )

            [Erro] => 0
            [MsgErro] => SimpleXMLElement Object
                (
                )

        )

)

04-11-2020 @ 12:35:00 - Weight and cubage of the order: Array
(
    [weight] => 0,2
    [height] => 10,5
    [width] => 11
    [length] => 16
)

04-11-2020 @ 12:35:00 - Requesting Correios WebServices: http://ws.correios.com.br/calculador/CalcPrecoPrazo.aspx?nCdServico=04014&nCdEmpresa&sDsSenha&sCepDestino=22710255&sCepOrigem=22640100&nVlAltura=10,5&nVlLargura=11&nVlDiametro=0&nVlComprimento=16&nVlPeso=0,3&nCdFormato=1&sCdMaoPropria=N&nVlValorDeclarado=0&sCdAvisoRecebimento=N&StrRetorno=xml
04-11-2020 @ 12:35:01 - Correios WebServices response: SimpleXMLElement Object
(
    [cServico] => SimpleXMLElement Object
        (
            [Codigo] => 04014
            [Valor] => 21,00
            [PrazoEntrega] => 4
            [ValorSemAdicionais] => 21,00
            [ValorMaoPropria] => 0,00
            [ValorAvisoRecebimento] => 0,00
            [ValorValorDeclarado] => 0,00
            [EntregaDomiciliar] => S
            [EntregaSabado] => S
            [obsFim] => SimpleXMLElement Object
                (
                )

            [Erro] => 0
            [MsgErro] => SimpleXMLElement Object
                (
                )

        )

)

04-11-2020 @ 12:35:56 - Weight and cubage of the order: Array
(
    [weight] => 0,2
    [height] => 10,5
    [width] => 11
    [length] => 16
)

04-11-2020 @ 12:35:56 - Requesting Correios WebServices: http://ws.correios.com.br/calculador/CalcPrecoPrazo.aspx?nCdServico=04014&nCdEmpresa&sDsSenha&sCepDestino=22710255&sCepOrigem=22640100&nVlAltura=10,5&nVlLargura=11&nVlDiametro=0&nVlComprimento=16&nVlPeso=0,3&nCdFormato=1&sCdMaoPropria=N&nVlValorDeclarado=0&sCdAvisoRecebimento=N&StrRetorno=xml
04-11-2020 @ 12:35:57 - Correios WebServices response: SimpleXMLElement Object
(
    [cServico] => SimpleXMLElement Object
        (
            [Codigo] => 04014
            [Valor] => 21,00
            [PrazoEntrega] => 4
            [ValorSemAdicionais] => 21,00
            [ValorMaoPropria] => 0,00
            [ValorAvisoRecebimento] => 0,00
            [ValorValorDeclarado] => 0,00
            [EntregaDomiciliar] => S
            [EntregaSabado] => S
            [obsFim] => SimpleXMLElement Object
                (
                )

            [Erro] => 0
            [MsgErro] => SimpleXMLElement Object
                (
                )

        )

)

04-11-2020 @ 12:35:59 - Weight and cubage of the order: Array
(
    [weight] => 0,2
    [height] => 10,5
    [width] => 11
    [length] => 16
)

04-11-2020 @ 12:35:59 - Requesting Correios WebServices: http://ws.correios.com.br/calculador/CalcPrecoPrazo.aspx?nCdServico=04014&nCdEmpresa&sDsSenha&sCepDestino=22710255&sCepOrigem=22640100&nVlAltura=10,5&nVlLargura=11&nVlDiametro=0&nVlComprimento=16&nVlPeso=0,3&nCdFormato=1&sCdMaoPropria=N&nVlValorDeclarado=0&sCdAvisoRecebimento=N&StrRetorno=xml
04-11-2020 @ 12:36:00 - Correios WebServices response: SimpleXMLElement Object
(
    [cServico] => SimpleXMLElement Object
        (
            [Codigo] => 04014
            [Valor] => 21,00
            [PrazoEntrega] => 4
            [ValorSemAdicionais] => 21,00
            [ValorMaoPropria] => 0,00
            [ValorAvisoRecebimento] => 0,00
            [ValorValorDeclarado] => 0,00
            [EntregaDomiciliar] => S
            [EntregaSabado] => S
            [obsFim] => SimpleXMLElement Object
                (
                )

            [Erro] => 0
            [MsgErro] => SimpleXMLElement Object
                (
                )

        )

)

04-11-2020 @ 12:36:01 - Weight and cubage of the order: Array
(
    [weight] => 0,2
    [height] => 10,5
    [width] => 11
    [length] => 16
)

04-11-2020 @ 12:36:01 - Requesting Correios WebServices: http://ws.correios.com.br/calculador/CalcPrecoPrazo.aspx?nCdServico=04014&nCdEmpresa&sDsSenha&sCepDestino=22710255&sCepOrigem=22640100&nVlAltura=10,5&nVlLargura=11&nVlDiametro=0&nVlComprimento=16&nVlPeso=0,3&nCdFormato=1&sCdMaoPropria=N&nVlValorDeclarado=0&sCdAvisoRecebimento=N&StrRetorno=xml
04-11-2020 @ 12:36:01 - Correios WebServices response: SimpleXMLElement Object
(
    [cServico] => SimpleXMLElement Object
        (
            [Codigo] => 04014
            [Valor] => 21,00
            [PrazoEntrega] => 4
            [ValorSemAdicionais] => 21,00
            [ValorMaoPropria] => 0,00
            [ValorAvisoRecebimento] => 0,00
            [ValorValorDeclarado] => 0,00
            [EntregaDomiciliar] => S
            [EntregaSabado] => S
            [obsFim] => SimpleXMLElement Object
                (
                )

            [Erro] => 0
            [MsgErro] => SimpleXMLElement Object
                (
                )

        )

)

04-11-2020 @ 12:36:05 - Weight and cubage of the order: Array
(
    [weight] => 0,2
    [height] => 10,5
    [width] => 11
    [length] => 16
)

04-11-2020 @ 12:36:05 - Requesting Correios WebServices: http://ws.correios.com.br/calculador/CalcPrecoPrazo.aspx?nCdServico=04014&nCdEmpresa&sDsSenha&sCepDestino=22710255&sCepOrigem=22640100&nVlAltura=10,5&nVlLargura=11&nVlDiametro=0&nVlComprimento=16&nVlPeso=0,3&nCdFormato=1&sCdMaoPropria=N&nVlValorDeclarado=0&sCdAvisoRecebimento=N&StrRetorno=xml
04-11-2020 @ 12:36:06 - Correios WebServices response: SimpleXMLElement Object
(
    [cServico] => SimpleXMLElement Object
        (
            [Codigo] => 04014
            [Valor] => 21,00
            [PrazoEntrega] => 4
            [ValorSemAdicionais] => 21,00
            [ValorMaoPropria] => 0,00
            [ValorAvisoRecebimento] => 0,00
            [ValorValorDeclarado] => 0,00
            [EntregaDomiciliar] => S
            [EntregaSabado] => S
            [obsFim] => SimpleXMLElement Object
                (
                )

            [Erro] => 0
            [MsgErro] => SimpleXMLElement Object
                (
                )

        )

)

