03-16-2020 @ 00:28:58 - Weight and cubage of the order: Array
(
    [weight] => 0,6
    [height] => 10,5
    [width] => 11
    [length] => 20
)

03-16-2020 @ 00:28:58 - Requesting Correios WebServices: http://ws.correios.com.br/calculador/CalcPrecoPrazo.aspx?nCdServico=04510&nCdEmpresa&sDsSenha&sCepDestino=20551080&sCepOrigem=22640100&nVlAltura=36&nVlLargura=27&nVlDiametro=0&nVlComprimento=20&nVlPeso=0,8&nCdFormato=1&sCdMaoPropria=N&nVlValorDeclarado=600&sCdAvisoRecebimento=N&StrRetorno=xml
03-16-2020 @ 00:28:58 - Correios WebServices response: SimpleXMLElement Object
(
    [cServico] => SimpleXMLElement Object
        (
            [Codigo] => 04510
            [Valor] => 32,59
            [PrazoEntrega] => 5
            [ValorSemAdicionais] => 21,00
            [ValorMaoPropria] => 0,00
            [ValorAvisoRecebimento] => 0,00
            [ValorValorDeclarado] => 11,59
            [EntregaDomiciliar] => S
            [EntregaSabado] => N
            [obsFim] => SimpleXMLElement Object
                (
                )

            [Erro] => 0
            [MsgErro] => SimpleXMLElement Object
                (
                )

        )

)

03-16-2020 @ 16:36:19 - Weight and cubage of the order: Array
(
    [weight] => 0,6
    [height] => 10,5
    [width] => 11
    [length] => 20
)

03-16-2020 @ 16:36:19 - Requesting Correios WebServices: http://ws.correios.com.br/calculador/CalcPrecoPrazo.aspx?nCdServico=04510&nCdEmpresa&sDsSenha&sCepDestino=20551080&sCepOrigem=22640100&nVlAltura=36&nVlLargura=27&nVlDiametro=0&nVlComprimento=20&nVlPeso=0,8&nCdFormato=1&sCdMaoPropria=N&nVlValorDeclarado=600&sCdAvisoRecebimento=N&StrRetorno=xml
03-16-2020 @ 16:36:20 - Correios WebServices response: SimpleXMLElement Object
(
    [cServico] => SimpleXMLElement Object
        (
            [Codigo] => 04510
            [Valor] => 32,59
            [PrazoEntrega] => 5
            [ValorSemAdicionais] => 21,00
            [ValorMaoPropria] => 0,00
            [ValorAvisoRecebimento] => 0,00
            [ValorValorDeclarado] => 11,59
            [EntregaDomiciliar] => S
            [EntregaSabado] => N
            [obsFim] => SimpleXMLElement Object
                (
                )

            [Erro] => 0
            [MsgErro] => SimpleXMLElement Object
                (
                )

        )

)

03-16-2020 @ 16:37:28 - Weight and cubage of the order: Array
(
    [weight] => 0,2
    [height] => 6,5
    [width] => 26
    [length] => 16
)

03-16-2020 @ 16:37:28 - Requesting Correios WebServices: http://ws.correios.com.br/calculador/CalcPrecoPrazo.aspx?nCdServico=04510&nCdEmpresa&sDsSenha&sCepDestino=20510260&sCepOrigem=22640100&nVlAltura=6,5&nVlLargura=26&nVlDiametro=0&nVlComprimento=16&nVlPeso=0,3&nCdFormato=1&sCdMaoPropria=N&nVlValorDeclarado=0&sCdAvisoRecebimento=N&StrRetorno=xml
03-16-2020 @ 16:37:30 - Correios WebServices response: SimpleXMLElement Object
(
    [cServico] => SimpleXMLElement Object
        (
            [Codigo] => 04510
            [Valor] => 21,00
            [PrazoEntrega] => 5
            [ValorSemAdicionais] => 21,00
            [ValorMaoPropria] => 0,00
            [ValorAvisoRecebimento] => 0,00
            [ValorValorDeclarado] => 0,00
            [EntregaDomiciliar] => S
            [EntregaSabado] => N
            [obsFim] => SimpleXMLElement Object
                (
                )

            [Erro] => 0
            [MsgErro] => SimpleXMLElement Object
                (
                )

        )

)

03-16-2020 @ 16:40:50 - Weight and cubage of the order: Array
(
    [weight] => 0,2
    [height] => 6,5
    [width] => 26
    [length] => 16
)

03-16-2020 @ 16:40:50 - Requesting Correios WebServices: http://ws.correios.com.br/calculador/CalcPrecoPrazo.aspx?nCdServico=04510&nCdEmpresa&sDsSenha&sCepDestino=20510260&sCepOrigem=22640100&nVlAltura=6,5&nVlLargura=26&nVlDiametro=0&nVlComprimento=16&nVlPeso=0,3&nCdFormato=1&sCdMaoPropria=N&nVlValorDeclarado=0&sCdAvisoRecebimento=N&StrRetorno=xml
03-16-2020 @ 16:40:53 - Correios WebServices response: SimpleXMLElement Object
(
    [cServico] => SimpleXMLElement Object
        (
            [Codigo] => 04510
            [Valor] => 21,00
            [PrazoEntrega] => 5
            [ValorSemAdicionais] => 21,00
            [ValorMaoPropria] => 0,00
            [ValorAvisoRecebimento] => 0,00
            [ValorValorDeclarado] => 0,00
            [EntregaDomiciliar] => S
            [EntregaSabado] => N
            [obsFim] => SimpleXMLElement Object
                (
                )

            [Erro] => 0
            [MsgErro] => SimpleXMLElement Object
                (
                )

        )

)

03-16-2020 @ 16:41:37 - Weight and cubage of the order: Array
(
    [weight] => 0,6
    [height] => 10,5
    [width] => 11
    [length] => 20
)

03-16-2020 @ 16:41:37 - Requesting Correios WebServices: http://ws.correios.com.br/calculador/CalcPrecoPrazo.aspx?nCdServico=04510&nCdEmpresa&sDsSenha&sCepDestino=20551080&sCepOrigem=22640100&nVlAltura=36&nVlLargura=27&nVlDiametro=0&nVlComprimento=20&nVlPeso=0,8&nCdFormato=1&sCdMaoPropria=N&nVlValorDeclarado=600&sCdAvisoRecebimento=N&StrRetorno=xml
03-16-2020 @ 16:41:38 - Correios WebServices response: SimpleXMLElement Object
(
    [cServico] => SimpleXMLElement Object
        (
            [Codigo] => 04510
            [Valor] => 32,59
            [PrazoEntrega] => 5
            [ValorSemAdicionais] => 21,00
            [ValorMaoPropria] => 0,00
            [ValorAvisoRecebimento] => 0,00
            [ValorValorDeclarado] => 11,59
            [EntregaDomiciliar] => S
            [EntregaSabado] => N
            [obsFim] => SimpleXMLElement Object
                (
                )

            [Erro] => 0
            [MsgErro] => SimpleXMLElement Object
                (
                )

        )

)

03-16-2020 @ 18:15:54 - Weight and cubage of the order: Array
(
    [weight] => 0,2
    [height] => 10,5
    [width] => 11
    [length] => 16
)

03-16-2020 @ 18:15:54 - Requesting Correios WebServices: http://ws.correios.com.br/calculador/CalcPrecoPrazo.aspx?nCdServico=04510&nCdEmpresa&sDsSenha&sCepDestino=22710255&sCepOrigem=22640100&nVlAltura=10,5&nVlLargura=11&nVlDiametro=0&nVlComprimento=16&nVlPeso=0,3&nCdFormato=1&sCdMaoPropria=N&nVlValorDeclarado=0&sCdAvisoRecebimento=N&StrRetorno=xml
03-16-2020 @ 18:15:54 - Correios WebServices response: SimpleXMLElement Object
(
    [cServico] => SimpleXMLElement Object
        (
            [Codigo] => 04510
            [Valor] => 21,00
            [PrazoEntrega] => 5
            [ValorSemAdicionais] => 21,00
            [ValorMaoPropria] => 0,00
            [ValorAvisoRecebimento] => 0,00
            [ValorValorDeclarado] => 0,00
            [EntregaDomiciliar] => S
            [EntregaSabado] => N
            [obsFim] => SimpleXMLElement Object
                (
                )

            [Erro] => 0
            [MsgErro] => SimpleXMLElement Object
                (
                )

        )

)

03-16-2020 @ 18:18:21 - Weight and cubage of the order: Array
(
    [weight] => 0,2
    [height] => 10,5
    [width] => 11
    [length] => 16
)

03-16-2020 @ 18:18:21 - Requesting Correios WebServices: http://ws.correios.com.br/calculador/CalcPrecoPrazo.aspx?nCdServico=04510&nCdEmpresa&sDsSenha&sCepDestino=22710255&sCepOrigem=22640100&nVlAltura=10,5&nVlLargura=11&nVlDiametro=0&nVlComprimento=16&nVlPeso=0,3&nCdFormato=1&sCdMaoPropria=N&nVlValorDeclarado=0&sCdAvisoRecebimento=N&StrRetorno=xml
03-16-2020 @ 18:18:21 - Correios WebServices response: SimpleXMLElement Object
(
    [cServico] => SimpleXMLElement Object
        (
            [Codigo] => 04510
            [Valor] => 21,00
            [PrazoEntrega] => 5
            [ValorSemAdicionais] => 21,00
            [ValorMaoPropria] => 0,00
            [ValorAvisoRecebimento] => 0,00
            [ValorValorDeclarado] => 0,00
            [EntregaDomiciliar] => S
            [EntregaSabado] => N
            [obsFim] => SimpleXMLElement Object
                (
                )

            [Erro] => 0
            [MsgErro] => SimpleXMLElement Object
                (
                )

        )

)

03-16-2020 @ 18:18:25 - Weight and cubage of the order: Array
(
    [weight] => 0,2
    [height] => 10,5
    [width] => 11
    [length] => 16
)

03-16-2020 @ 18:18:25 - Requesting Correios WebServices: http://ws.correios.com.br/calculador/CalcPrecoPrazo.aspx?nCdServico=04510&nCdEmpresa&sDsSenha&sCepDestino=22710255&sCepOrigem=22640100&nVlAltura=10,5&nVlLargura=11&nVlDiametro=0&nVlComprimento=16&nVlPeso=0,3&nCdFormato=1&sCdMaoPropria=N&nVlValorDeclarado=0&sCdAvisoRecebimento=N&StrRetorno=xml
03-16-2020 @ 18:18:25 - Correios WebServices response: SimpleXMLElement Object
(
    [cServico] => SimpleXMLElement Object
        (
            [Codigo] => 04510
            [Valor] => 21,00
            [PrazoEntrega] => 5
            [ValorSemAdicionais] => 21,00
            [ValorMaoPropria] => 0,00
            [ValorAvisoRecebimento] => 0,00
            [ValorValorDeclarado] => 0,00
            [EntregaDomiciliar] => S
            [EntregaSabado] => N
            [obsFim] => SimpleXMLElement Object
                (
                )

            [Erro] => 0
            [MsgErro] => SimpleXMLElement Object
                (
                )

        )

)

03-16-2020 @ 18:18:27 - Weight and cubage of the order: Array
(
    [weight] => 0,2
    [height] => 10,5
    [width] => 11
    [length] => 16
)

03-16-2020 @ 18:18:27 - Requesting Correios WebServices: http://ws.correios.com.br/calculador/CalcPrecoPrazo.aspx?nCdServico=04510&nCdEmpresa&sDsSenha&sCepDestino=22710255&sCepOrigem=22640100&nVlAltura=10,5&nVlLargura=11&nVlDiametro=0&nVlComprimento=16&nVlPeso=0,3&nCdFormato=1&sCdMaoPropria=N&nVlValorDeclarado=0&sCdAvisoRecebimento=N&StrRetorno=xml
03-16-2020 @ 18:18:28 - Correios WebServices response: SimpleXMLElement Object
(
    [cServico] => SimpleXMLElement Object
        (
            [Codigo] => 04510
            [Valor] => 21,00
            [PrazoEntrega] => 5
            [ValorSemAdicionais] => 21,00
            [ValorMaoPropria] => 0,00
            [ValorAvisoRecebimento] => 0,00
            [ValorValorDeclarado] => 0,00
            [EntregaDomiciliar] => S
            [EntregaSabado] => N
            [obsFim] => SimpleXMLElement Object
                (
                )

            [Erro] => 0
            [MsgErro] => SimpleXMLElement Object
                (
                )

        )

)

03-16-2020 @ 18:18:33 - Weight and cubage of the order: Array
(
    [weight] => 0,2
    [height] => 10,5
    [width] => 11
    [length] => 16
)

03-16-2020 @ 18:18:33 - Requesting Correios WebServices: http://ws.correios.com.br/calculador/CalcPrecoPrazo.aspx?nCdServico=04510&nCdEmpresa&sDsSenha&sCepDestino=22710255&sCepOrigem=22640100&nVlAltura=10,5&nVlLargura=11&nVlDiametro=0&nVlComprimento=16&nVlPeso=0,3&nCdFormato=1&sCdMaoPropria=N&nVlValorDeclarado=0&sCdAvisoRecebimento=N&StrRetorno=xml
03-16-2020 @ 18:18:33 - Correios WebServices response: SimpleXMLElement Object
(
    [cServico] => SimpleXMLElement Object
        (
            [Codigo] => 04510
            [Valor] => 21,00
            [PrazoEntrega] => 5
            [ValorSemAdicionais] => 21,00
            [ValorMaoPropria] => 0,00
            [ValorAvisoRecebimento] => 0,00
            [ValorValorDeclarado] => 0,00
            [EntregaDomiciliar] => S
            [EntregaSabado] => N
            [obsFim] => SimpleXMLElement Object
                (
                )

            [Erro] => 0
            [MsgErro] => SimpleXMLElement Object
                (
                )

        )

)

