04-10-2020 @ 17:29:31 - Weight and cubage of the order: Array
(
    [weight] => 0,2
    [height] => 10,5
    [width] => 11
    [length] => 16
)

04-10-2020 @ 17:29:31 - Requesting Correios WebServices: http://ws.correios.com.br/calculador/CalcPrecoPrazo.aspx?nCdServico=04014&nCdEmpresa&sDsSenha&sCepDestino=22710255&sCepOrigem=22640100&nVlAltura=10,5&nVlLargura=11&nVlDiametro=0&nVlComprimento=16&nVlPeso=0,3&nCdFormato=1&sCdMaoPropria=N&nVlValorDeclarado=0&sCdAvisoRecebimento=N&StrRetorno=xml
04-10-2020 @ 17:30:01 - Correios WebServices response: SimpleXMLElement Object
(
    [cServico] => SimpleXMLElement Object
        (
            [Codigo] => 04014
            [Valor] => 21,00
            [PrazoEntrega] => 4
            [ValorSemAdicionais] => 21,00
            [ValorMaoPropria] => 0,00
            [ValorAvisoRecebimento] => 0,00
            [ValorValorDeclarado] => 0,00
            [EntregaDomiciliar] => S
            [EntregaSabado] => S
            [obsFim] => SimpleXMLElement Object
                (
                )

            [Erro] => 0
            [MsgErro] => SimpleXMLElement Object
                (
                )

        )

)

