03-31-2020 @ 10:33:56 - Request
Request
uri: https://graph.facebook.com/v2.9/303444363698202/log_events
body: Array
(
    [message] => {"message":" doesn't exist but underwent a visibility transform.","object":{"plugin_version":"1.10.2","php_version":"7.3.0"}}
    [error] => 1
)
headers: Array
(
    [Authorization] => ***************************************************************************************************************************************************************************************************************
)
timeout: 500
method: POST

03-31-2020 @ 10:33:56 - Response
Response
code: 200
message: OK
headers: Array
(
    [content-type] => application/json; charset=UTF-8
    [facebook-api-version] => v2.12
    [strict-transport-security] => max-age=15552000; preload
    [pragma] => no-cache
    [x-fb-rev] => 1001922958
    [access-control-allow-origin] => *
    [cache-control] => private, no-cache, no-store, must-revalidate
    [x-fb-trace-id] => F0VhjQHkc27
    [x-fb-request-id] => AEgqig_sn_te39Jp0pQcE5d
    [expires] => Sat, 01 Jan 2000 00:00:00 GMT
    [x-fb-debug] => IIknI0gZlABuWavMZ5x+MRa9YUg5dYJ5L8dfmfiqWC7T1Zm3nmZuX0qgoVkS9Hi1H+FFn3PbpWz6ugDdi1t0xA==
    [date] => Tue, 31 Mar 2020 13:33:56 GMT
    [alt-svc] => h3-27=":443"; ma=3600
    [content-length] => 16
)
body: {"success":true}

03-31-2020 @ 10:33:57 - Request
Request
uri: https://graph.facebook.com/v2.9/303959530320711/product_groups
body: Array
(
    [retailer_id] => 74331_811634
)
headers: Array
(
    [Authorization] => ***************************************************************************************************************************************************************************************************************
)
timeout: 500
method: POST

03-31-2020 @ 10:33:57 - Response
Response
code: 200
message: OK
headers: Array
(
    [content-type] => application/json; charset=UTF-8
    [facebook-api-version] => v2.12
    [strict-transport-security] => max-age=15552000; preload
    [pragma] => no-cache
    [x-fb-rev] => 1001922958
    [access-control-allow-origin] => *
    [cache-control] => private, no-cache, no-store, must-revalidate
    [x-fb-trace-id] => D2hKFbsr1gc
    [x-fb-request-id] => AR3mjYBoeK4D-cOUE5By-et
    [expires] => Sat, 01 Jan 2000 00:00:00 GMT
    [x-fb-debug] => OomUZjxef/OGVC+Ugq+F7DpYtCGbKIoVEKLyWrF7Lwiqh7GU2lNoRST9i/GKp0ypx6r97KV3RfWP0beI55RHjA==
    [date] => Tue, 31 Mar 2020 13:33:57 GMT
    [alt-svc] => h3-27=":443"; ma=3600
    [content-length] => 25
)
body: {"id":"3142928039091279"}

03-31-2020 @ 10:33:57 - Request
Request
uri: https://graph.facebook.com/v2.9/3142928039091279/products
body: Array
(
    [name] => Vestido Manga Longa Animal Print (Verde Agua) Seda - TAM P | Guess
    [description] => TAMANHO P 
 
PRODUTO ORIGINAL NOVO COM TAG!
    [image_url] => http://brechofashioncarioca.com.br/wp-content/uploads/2020/03/74331.jpg
    [additional_image_urls] => Array
        (
        )

    [url] => http://brechofashioncarioca.com.br/product/vestido-manga-longa-animal-print-verde-agua-seda-guess/
    [category] => Roupas, Vestidos
    [brand] => Brechó Fashion Carioca
    [retailer_id] => 74331_811634
    [price] => 15000
    [currency] => BRL
    [availability] => in stock
    [visibility] => published
    [checkout_url] => http://brechofashioncarioca.com.br/cart/?add-to-cart=811634
    [sale_price_start_date] => 1970-01-29T00:00+00:00
    [sale_price_end_date] => 1970-01-30T23:59+00:00
    [sale_price] => 15000
)
headers: Array
(
    [Authorization] => ***************************************************************************************************************************************************************************************************************
)
timeout: 500
method: POST

03-31-2020 @ 10:33:57 - Response
Response
code: 500
message: Internal Server Error
headers: Array
(
    [vary] => Accept-Encoding
    [content-encoding] => gzip
    [www-authenticate] => OAuth "Facebook Platform" "invalid_request" "Invalid parameter"
    [content-type] => application/json; charset=UTF-8
    [facebook-api-version] => v2.12
    [strict-transport-security] => max-age=15552000; preload
    [pragma] => no-cache
    [x-fb-rev] => 1001922958
    [access-control-allow-origin] => *
    [cache-control] => no-store
    [x-fb-trace-id] => DktFQUMhBvr
    [x-fb-request-id] => A4IKEfNAj7Dbt-NXrnUL5yn
    [expires] => Sat, 01 Jan 2000 00:00:00 GMT
    [x-fb-debug] => MkNa/aK1jOfe3E39o/xun4C+MpQfZCpQG9D5lNfVR4Gui4j8m/F3kZS+ZcSwvZmgVaQqDAvKmQ0NzdR3zDXn/Q==
    [date] => Tue, 31 Mar 2020 13:33:57 GMT
    [alt-svc] => h3-27=":443"; ma=3600
    [content-length] => 244
)
body: {"error":{"message":"Invalid parameter","type":"FacebookApiException","code":100,"error_subcode":1803063,"is_transient":false,"error_user_title":"Field contains all uppercase letters","error_user_msg":"Consider reformatting your description field so your ads don't use all uppercase letters.","fbtrace_id":"A4IKEfNAj7Dbt-NXrnUL5yn"}}

03-31-2020 @ 10:33:57 - Invalid parameter
03-31-2020 @ 10:33:57 - {"headers":{},"body":"{\"error\":{\"message\":\"Invalid parameter\",\"type\":\"FacebookApiException\",\"code\":100,\"error_subcode\":1803063,\"is_transient\":false,\"error_user_title\":\"Field contains all uppercase letters\",\"error_user_msg\":\"Consider reformatting your description field so your ads don't use all uppercase letters.\",\"fbtrace_id\":\"A4IKEfNAj7Dbt-NXrnUL5yn\"}}","response":{"code":500,"message":"Internal Server Error"},"cookies":[],"filename":null,"http_response":{"data":null,"headers":null,"status":null}}
03-31-2020 @ 10:33:58 - Request
Request
uri: https://graph.facebook.com/v2.9/303444363698202/log_events
body: Array
(
    [message] => {"message":"Non-200 error code from FB","object":{"result":{"headers":{},"body":"{\"error\":{\"message\":\"Invalid parameter\",\"type\":\"FacebookApiException\",\"code\":100,\"error_subcode\":1803063,\"is_transient\":false,\"error_user_title\":\"Field contains all uppercase letters\",\"error_user_msg\":\"Consider reformatting your description field so your ads don't use all uppercase letters.\",\"fbtrace_id\":\"A4IKEfNAj7Dbt-NXrnUL5yn\"}}","response":{"code":500,"message":"Internal Server Error"},"cookies":[],"filename":null,"http_response":{"data":null,"headers":null,"status":null}},"data":{"name":"Vestido Manga Longa Animal Print (Verde Agua) Seda - TAM P | Guess","description":"TAMANHO P \n \nPRODUTO ORIGINAL NOVO COM TAG!","image_url":"http:\/\/brechofashioncarioca.com.br\/wp-content\/uploads\/2020\/03\/74331.jpg","additional_image_urls":[],"url":"http:\/\/brechofashioncarioca.com.br\/product\/vestido-manga-longa-animal-print-verde-agua-seda-guess\/","category":"Roupas, Vestidos","brand":"Brech\u00f3 Fashion Carioca","retailer_id":"74331_811634","price":15000,"currency":"BRL","availability":"in stock","visibility":"published","checkout_url":"http:\/\/brechofashioncarioca.com.br\/cart\/?add-to-cart=811634","sale_price_start_date":"1970-01-29T00:00+00:00","sale_price_end_date":"1970-01-30T23:59+00:00","sale_price":15000},"plugin_version":"1.10.2","php_version":"7.3.0"}}
    [error] => 1
)
headers: Array
(
    [Authorization] => ***************************************************************************************************************************************************************************************************************
)
timeout: 500
method: POST

03-31-2020 @ 10:33:58 - Response
Response
code: 200
message: OK
headers: Array
(
    [content-type] => application/json; charset=UTF-8
    [facebook-api-version] => v2.12
    [strict-transport-security] => max-age=15552000; preload
    [pragma] => no-cache
    [x-fb-rev] => 1001922958
    [access-control-allow-origin] => *
    [cache-control] => private, no-cache, no-store, must-revalidate
    [x-fb-trace-id] => ClLQHVeamIB
    [x-fb-request-id] => Ax3dl110XVzFx015EN_hQch
    [expires] => Sat, 01 Jan 2000 00:00:00 GMT
    [x-fb-debug] => y32/95YmDbi9Q1zOTzSk03YJxlDNAfGRF4gIKbNV7dSIGqbXfv7iLL1qdqoctDSMK5D1of9qZ439fQSQyXr+Mg==
    [date] => Tue, 31 Mar 2020 13:33:57 GMT
    [alt-svc] => h3-27=":443"; ma=3600
    [content-length] => 16
)
body: {"success":true}

03-31-2020 @ 10:34:02 - Request
Request
uri: https://graph.facebook.com/v2.9/303444363698202/log_events
body: Array
(
    [message] => {"message":"Invalid parameter","object":{"plugin_version":"1.10.2","php_version":"7.3.0"}}
    [error] => 1
)
headers: Array
(
    [Authorization] => ***************************************************************************************************************************************************************************************************************
)
timeout: 500
method: POST

03-31-2020 @ 10:34:02 - Response
Response
code: 200
message: OK
headers: Array
(
    [content-type] => application/json; charset=UTF-8
    [facebook-api-version] => v2.12
    [strict-transport-security] => max-age=15552000; preload
    [pragma] => no-cache
    [x-fb-rev] => 1001922958
    [access-control-allow-origin] => *
    [cache-control] => private, no-cache, no-store, must-revalidate
    [x-fb-trace-id] => D+pqrNQ48V0
    [x-fb-request-id] => ASBzIeCIpQRo8O5v65Yxgtr
    [expires] => Sat, 01 Jan 2000 00:00:00 GMT
    [x-fb-debug] => 3konNouuQq93cgJXOWgmATUMHTQO4DIm37zfCd5V9jFnecjgU/ElHTL99K9ybrDybkDIP1hOUd7sRRBICq8lOw==
    [date] => Tue, 31 Mar 2020 13:34:02 GMT
    [alt-svc] => h3-27=":443"; ma=3600
    [content-length] => 16
)
body: {"success":true}

