2020-03-28T01:44:16+00:00 NOTICE action_scheduler.queue_job :: MailChimp_WooCommerce_Cart_Update starts in the next minute :: obj_id 052fe13945de63c8dd194a54c86e18bb
2020-03-28T01:44:18+00:00 NOTICE abandoned_cart.success :: email: meninapoderosa33@gmail.com :: checkout_url: https://brechofashioncarioca.com.br/checkout/?mc_cart_id=052fe13945de63c8dd194a54c86e18bb
2020-03-28T01:51:46+00:00 NOTICE action_scheduler.queue_job :: MailChimp_WooCommerce_Single_Order starts in 90 seconds :: obj_id 819138
2020-03-28T01:51:53+00:00 NOTICE debug :: Order ID 819138 was on-hold and is now failed :: Array
(
    [new_order] => 
    [tracking] => 
)

2020-03-28T01:51:55+00:00 NOTICE debug :: Order ID 819138 was pending and is now on-hold :: Array
(
    [new_order] => 
    [tracking] => 
)

2020-03-28T01:53:41+00:00 NOTICE system.debug :: order 819138 is in failed status, and is being skipped for now.
2020-03-28T01:55:13+00:00 NOTICE action_scheduler.queue_job :: MailChimp_WooCommerce_Cart_Update starts in the next minute :: obj_id 052fe13945de63c8dd194a54c86e18bb
2020-03-28T01:55:32+00:00 NOTICE abandoned_cart.success :: email: meninapoderosa33@gmail.com :: checkout_url: https://brechofashioncarioca.com.br/checkout/?mc_cart_id=052fe13945de63c8dd194a54c86e18bb
2020-03-28T02:08:44+00:00 NOTICE action_scheduler.queue_job :: MailChimp_WooCommerce_Single_Order starts in 90 seconds :: obj_id 819139
2020-03-28T02:08:49+00:00 NOTICE debug :: Order ID 819139 was pending and is now on-hold :: Array
(
    [new_order] => 
    [tracking] => 
)

2020-03-28T02:08:49+00:00 NOTICE debug :: Order ID 819139 was on-hold and is now failed :: Array
(
    [new_order] => 
    [tracking] => 
)

2020-03-28T02:10:40+00:00 NOTICE system.debug :: order 819139 is in failed status, and is being skipped for now.
2020-03-28T02:17:49+00:00 NOTICE action_scheduler.queue_job :: MailChimp_WooCommerce_Cart_Update starts in the next minute :: obj_id 052fe13945de63c8dd194a54c86e18bb
2020-03-28T02:19:17+00:00 NOTICE abandoned_cart.success :: email: meninapoderosa33@gmail.com :: checkout_url: https://brechofashioncarioca.com.br/checkout/?mc_cart_id=052fe13945de63c8dd194a54c86e18bb
2020-03-28T02:33:47+00:00 NOTICE action_scheduler.queue_job :: MailChimp_WooCommerce_Single_Order starts in 90 seconds :: obj_id 819140
2020-03-28T02:33:52+00:00 NOTICE debug :: Order ID 819140 was on-hold and is now failed :: Array
(
    [new_order] => 
    [tracking] => 
)

2020-03-28T02:33:53+00:00 NOTICE debug :: Order ID 819140 was pending and is now on-hold :: Array
(
    [new_order] => 
    [tracking] => 
)

2020-03-28T02:35:38+00:00 NOTICE system.debug :: order 819140 is in failed status, and is being skipped for now.
