2020-03-18T23:16:03+00:00 NOTICE action_scheduler.queue_job :: MailChimp_WooCommerce_Cart_Update starts in the next minute :: obj_id 3990b2e2817c5622309eda1d41dca72d
2020-03-18T23:16:34+00:00 NOTICE abandoned_cart.success :: email: lipesantana2000@hotmail.com :: checkout_url: https://brechofashioncarioca.com.br/checkout/?mc_cart_id=3990b2e2817c5622309eda1d41dca72d
2020-03-18T23:19:02+00:00 NOTICE ac.cart_swap :: Deleted cart [lipesantana2000@hotmail.com] :: ID [3990b2e2817c5622309eda1d41dca72d]
2020-03-18T23:19:02+00:00 NOTICE action_scheduler.queue_job :: MailChimp_WooCommerce_Cart_Update starts in the next minute :: obj_id a49899e741c641f0b9e0c4f20ebad53f
2020-03-18T23:19:23+00:00 NOTICE abandoned_cart.success :: email: caiomorning8@gmail.com :: checkout_url: https://brechofashioncarioca.com.br/checkout/?mc_cart_id=a49899e741c641f0b9e0c4f20ebad53f
2020-03-18T23:25:23+00:00 NOTICE action_scheduler.queue_job :: MailChimp_WooCommerce_User_Submit starts in the next minute :: obj_id 46
2020-03-18T23:25:27+00:00 NOTICE action_scheduler.queue_job :: MailChimp_WooCommerce_Single_Order starts in 90 seconds :: obj_id 819000
2020-03-18T23:25:36+00:00 NOTICE member.sync :: Updated Member caiomorning8@gmail.com :: Array
(
    [previous_status] => transactional
    [status] => 1
    [merge_fields] => Array
        (
            [FNAME] => Felipe
            [LNAME] => Santana
        )

)

2020-03-18T23:25:37+00:00 NOTICE debug :: Order ID 819000 was on-hold and is now failed :: Array
(
    [new_order] => 
    [tracking] => 
)

2020-03-18T23:25:40+00:00 NOTICE debug :: Order ID 819000 was pending and is now on-hold :: Array
(
    [new_order] => 
    [tracking] => 
)

2020-03-18T23:27:38+00:00 NOTICE system.debug :: order 819000 is in failed status, and is being skipped for now.
